<?xml version="1.0" encoding="UTF-8"?>
<!-- Generated by org.testng.reporters.JUnitReportReporter -->
<testsuite hostname="DESKTOP-ARAGHDD" failures="0" tests="1" name="TESTNG_TEST.TestNG_003" time="0.017" errors="0" timestamp="2022-05-23T13:19:33 IST" skipped="0">
  <testcase classname="TESTNG_TEST.TestNG_003" name="m2" time="0.017"/>
  <system-out/>
</testsuite> <!-- TESTNG_TEST.TestNG_003 -->
