<?xml version="1.0" encoding="UTF-8"?>
<!-- Generated by org.testng.reporters.JUnitReportReporter -->
<testsuite hostname="DESKTOP-ARAGHDD" failures="0" tests="1" name="TESTNG_TEST.childwindow" time="18.522" errors="0" timestamp="2022-05-17T17:26:27 IST" skipped="0">
  <testcase classname="TESTNG_TEST.childwindow" name="testbrowser" time="18.522"/>
  <system-out/>
</testsuite> <!-- TESTNG_TEST.childwindow -->
