<?xml version="1.0" encoding="UTF-8"?>
<!-- Generated by org.testng.reporters.JUnitReportReporter -->
<testsuite hostname="DESKTOP-ARAGHDD" failures="0" tests="1" name="TESTNG_TEST.Test_pomtest" time="9.429" errors="0" timestamp="2022-05-18T09:19:36 IST" skipped="0">
  <testcase classname="TESTNG_TEST.Test_pomtest" name="verify" time="9.429"/>
  <system-out/>
</testsuite> <!-- TESTNG_TEST.Test_pomtest -->
