<?xml version="1.0" encoding="UTF-8"?>
<!-- Generated by org.testng.reporters.JUnitReportReporter -->
<testsuite hostname="DESKTOP-ARAGHDD" failures="0" tests="1" name="TESTNG_TEST.popupalerthandle" time="12.141" errors="0" timestamp="2022-05-17T17:52:21 IST" skipped="0">
  <testcase classname="TESTNG_TEST.popupalerthandle" name="verifyalert" time="12.141"/>
  <system-out/>
</testsuite> <!-- TESTNG_TEST.popupalerthandle -->
