<?xml version="1.0" encoding="UTF-8"?>
<!-- Generated by org.testng.reporters.JUnitReportReporter -->
<testsuite hostname="DESKTOP-ARAGHDD" failures="0" tests="4" name="TESTNG_TEST.TestNG_001" time="25.560" errors="0" timestamp="2022-05-17T22:01:50 IST" skipped="0">
  <testcase classname="TESTNG_TEST.TestNG_001" name="test3" time="8.752"/>
  <system-out/>
  <testcase classname="TESTNG_TEST.TestNG_001" name="test2" time="4.408"/>
  <system-out/>
  <testcase classname="TESTNG_TEST.TestNG_001" name="test1" time="6.553"/>
  <system-out/>
  <testcase classname="TESTNG_TEST.TestNG_001" name="test4" time="5.847"/>
  <system-out/>
</testsuite> <!-- TESTNG_TEST.TestNG_001 -->
