<?xml version="1.0" encoding="UTF-8"?>
<!-- Generated by org.testng.reporters.JUnitReportReporter -->
<testsuite hostname="DESKTOP-ARAGHDD" failures="0" tests="1" name="TESTNG_TEST.waits" time="7.972" errors="0" timestamp="2022-05-18T14:06:23 IST" skipped="0">
  <testcase classname="TESTNG_TEST.waits" name="M1" time="7.972"/>
  <system-out/>
</testsuite> <!-- TESTNG_TEST.waits -->
