<?xml version="1.0" encoding="UTF-8"?>
<!-- Generated by org.testng.reporters.JUnitReportReporter -->
<testsuite hostname="DESKTOP-ARAGHDD" failures="0" tests="1" name="TESTNG_TEST.brokenlink" time="78.994" errors="0" timestamp="2022-05-21T15:12:56 IST" skipped="0">
  <testcase classname="TESTNG_TEST.brokenlink" name="test_01" time="78.994"/>
  <system-out/>
</testsuite> <!-- TESTNG_TEST.brokenlink -->
