<?xml version="1.0" encoding="UTF-8"?>
<!-- Generated by org.testng.reporters.JUnitReportReporter -->
<testsuite hostname="DESKTOP-ARAGHDD" failures="0" tests="1" name="test_001.iframe" time="12.061" errors="0" timestamp="2022-05-19T15:52:39 IST" skipped="0">
  <testcase classname="test_001.iframe" name="test_01" time="12.061"/>
  <system-out/>
</testsuite> <!-- test_001.iframe -->
