<?xml version="1.0" encoding="UTF-8"?>
<!-- Generated by org.testng.reporters.JUnitReportReporter -->
<testsuite hostname="DESKTOP-ARAGHDD" failures="0" tests="2" name="TESTNG_TEST.ANNOTATIONTEST" time="0.026" errors="0" timestamp="2022-05-17T08:18:18 IST" skipped="0">
  <testcase classname="TESTNG_TEST.ANNOTATIONTEST" name="Test_1" time="0.015"/>
  <system-out/>
  <testcase classname="TESTNG_TEST.ANNOTATIONTEST" name="Test_2" time="0.011"/>
  <system-out/>
</testsuite> <!-- TESTNG_TEST.ANNOTATIONTEST -->
